Model.obj : error LNK2005: _stbi_convert_iphone_png_to_rgb already defined in Main.obj
Model.obj : error LNK2005: _stbi_failure_reason already defined in Main.obj
Model.obj : error LNK2005: _stbi_hdr_to_ldr_gamma already defined in Main.obj
Model.obj : error LNK2005: _stbi_hdr_to_ldr_scale already defined in Main.obj
Model.obj : error LNK2005: _stbi_image_free already defined in Main.obj
Model.obj : error LNK2005: _stbi_info already defined in Main.obj
Model.obj : error LNK2005: _stbi_info_from_callbacks already defined in Main.obj
Model.obj : error LNK2005: _stbi_info_from_file already defined in Main.obj
Model.obj : error LNK2005: _stbi_info_from_memory already defined in Main.obj
Model.obj : error LNK2005: _stbi_is_16_bit already defined in Main.obj
Model.obj : error LNK2005: _stbi_is_16_bit_from_callbacks already defined in Main.obj
Model.obj : error LNK2005: _stbi_is_16_bit_from_file already defined in Main.obj
Model.obj : error LNK2005: _stbi_is_16_bit_from_memory already defined in Main.obj
Model.obj : error LNK2005: _stbi_is_hdr already defined in Main.obj
Model.obj : error LNK2005: _stbi_is_hdr_from_callbacks already defined in Main.obj
Model.obj : error LNK2005: _stbi_is_hdr_from_file already defined in Main.obj
Model.obj : error LNK2005: _stbi_is_hdr_from_memory already defined in Main.obj
Model.obj : error LNK2005: _stbi_ldr_to_hdr_gamma already defined in Main.obj
Model.obj : error LNK2005: _stbi_ldr_to_hdr_scale already defined in Main.obj
Model.obj : error LNK2005: _stbi_load already defined in Main.obj
Model.obj : error LNK2005: _stbi_load_16 already defined in Main.obj
Model.obj : error LNK2005: _stbi_load_16_from_callbacks already defined in Main.obj
Model.obj : error LNK2005: _stbi_load_16_from_memory already defined in Main.obj
Model.obj : error LNK2005: _stbi_load_from_callbacks already defined in Main.obj
Model.obj : error LNK2005: _stbi_load_from_file already defined in Main.obj
Model.obj : error LNK2005: _stbi_load_from_file_16 already defined in Main.obj
Model.obj : error LNK2005: _stbi_load_from_memory already defined in Main.obj
Model.obj : error LNK2005: _stbi_load_gif_from_memory already defined in Main.obj
Model.obj : error LNK2005: _stbi_loadf already defined in Main.obj
Model.obj : error LNK2005: _stbi_loadf_from_callbacks already defined in Main.obj
Model.obj : error LNK2005: _stbi_loadf_from_file already defined in Main.obj
Model.obj : error LNK2005: _stbi_loadf_from_memory already defined in Main.obj
Model.obj : error LNK2005: _stbi_set_flip_vertically_on_load already defined in Main.obj
Model.obj : error LNK2005: _stbi_set_flip_vertically_on_load_thread already defined in Main.obj
Model.obj : error LNK2005: _stbi_set_unpremultiply_on_load already defined in Main.obj
Model.obj : error LNK2005: _stbi_zlib_decode_buffer already defined in Main.obj
Model.obj : error LNK2005: _stbi_zlib_decode_malloc already defined in Main.obj
Model.obj : error LNK2005: _stbi_zlib_decode_malloc_guesssize already defined in Main.obj
Model.obj : error LNK2005: _stbi_zlib_decode_malloc_guesssize_headerflag already defined in Main.obj
Model.obj : error LNK2005: _stbi_zlib_decode_noheader_buffer already defined in Main.obj
Model.obj : error LNK2005: _stbi_zlib_decode_noheader_malloc already defined in Main.obj
Object.obj : error LNK2005: _stbi_convert_iphone_png_to_rgb already defined in Main.obj
Object.obj : error LNK2005: _stbi_failure_reason already defined in Main.obj
Object.obj : error LNK2005: _stbi_hdr_to_ldr_gamma already defined in Main.obj
Object.obj : error LNK2005: _stbi_hdr_to_ldr_scale already defined in Main.obj
Object.obj : error LNK2005: _stbi_image_free already defined in Main.obj
Object.obj : error LNK2005: _stbi_info already defined in Main.obj
Object.obj : error LNK2005: _stbi_info_from_callbacks already defined in Main.obj
Object.obj : error LNK2005: _stbi_info_from_file already defined in Main.obj
Object.obj : error LNK2005: _stbi_info_from_memory already defined in Main.obj
Object.obj : error LNK2005: _stbi_is_16_bit already defined in Main.obj
Object.obj : error LNK2005: _stbi_is_16_bit_from_callbacks already defined in Main.obj
Object.obj : error LNK2005: _stbi_is_16_bit_from_file already defined in Main.obj
Object.obj : error LNK2005: _stbi_is_16_bit_from_memory already defined in Main.obj
Object.obj : error LNK2005: _stbi_is_hdr already defined in Main.obj
Object.obj : error LNK2005: _stbi_is_hdr_from_callbacks already defined in Main.obj
Object.obj : error LNK2005: _stbi_is_hdr_from_file already defined in Main.obj
Object.obj : error LNK2005: _stbi_is_hdr_from_memory already defined in Main.obj
Object.obj : error LNK2005: _stbi_ldr_to_hdr_gamma already defined in Main.obj
Object.obj : error LNK2005: _stbi_ldr_to_hdr_scale already defined in Main.obj
Object.obj : error LNK2005: _stbi_load already defined in Main.obj
Object.obj : error LNK2005: _stbi_load_16 already defined in Main.obj
Object.obj : error LNK2005: _stbi_load_16_from_callbacks already defined in Main.obj
Object.obj : error LNK2005: _stbi_load_16_from_memory already defined in Main.obj
Object.obj : error LNK2005: _stbi_load_from_callbacks already defined in Main.obj
Object.obj : error LNK2005: _stbi_load_from_file already defined in Main.obj
Object.obj : error LNK2005: _stbi_load_from_file_16 already defined in Main.obj
Object.obj : error LNK2005: _stbi_load_from_memory already defined in Main.obj
Object.obj : error LNK2005: _stbi_load_gif_from_memory already defined in Main.obj
Object.obj : error LNK2005: _stbi_loadf already defined in Main.obj
Object.obj : error LNK2005: _stbi_loadf_from_callbacks already defined in Main.obj
Object.obj : error LNK2005: _stbi_loadf_from_file already defined in Main.obj
Object.obj : error LNK2005: _stbi_loadf_from_memory already defined in Main.obj
Object.obj : error LNK2005: _stbi_set_flip_vertically_on_load already defined in Main.obj
Object.obj : error LNK2005: _stbi_set_flip_vertically_on_load_thread already defined in Main.obj
Object.obj : error LNK2005: _stbi_set_unpremultiply_on_load already defined in Main.obj
Object.obj : error LNK2005: _stbi_zlib_decode_buffer already defined in Main.obj
Object.obj : error LNK2005: _stbi_zlib_decode_malloc already defined in Main.obj
Object.obj : error LNK2005: _stbi_zlib_decode_malloc_guesssize already defined in Main.obj
Object.obj : error LNK2005: _stbi_zlib_decode_malloc_guesssize_headerflag already defined in Main.obj
Object.obj : error LNK2005: _stbi_zlib_decode_noheader_buffer already defined in Main.obj
Object.obj : error LNK2005: _stbi_zlib_decode_noheader_malloc already defined in Main.obj
OBJLoader.obj : error LNK2005: _stbi_convert_iphone_png_to_rgb already defined in Main.obj
OBJLoader.obj : error LNK2005: _stbi_failure_reason already defined in Main.obj
OBJLoader.obj : error LNK2005: _stbi_hdr_to_ldr_gamma already defined in Main.obj
OBJLoader.obj : error LNK2005: _stbi_hdr_to_ldr_scale already defined in Main.obj
OBJLoader.obj : error LNK2005: _stbi_image_free already defined in Main.obj
OBJLoader.obj : error LNK2005: _stbi_info already defined in Main.obj
OBJLoader.obj : error LNK2005: _stbi_info_from_callbacks already defined in Main.obj
OBJLoader.obj : error LNK2005: _stbi_info_from_file already defined in Main.obj
OBJLoader.obj : error LNK2005: _stbi_info_from_memory already defined in Main.obj
OBJLoader.obj : error LNK2005: _stbi_is_16_bit already defined in Main.obj
OBJLoader.obj : error LNK2005: _stbi_is_16_bit_from_callbacks already defined in Main.obj
OBJLoader.obj : error LNK2005: _stbi_is_16_bit_from_file already defined in Main.obj
OBJLoader.obj : error LNK2005: _stbi_is_16_bit_from_memory already defined in Main.obj
OBJLoader.obj : error LNK2005: _stbi_is_hdr already defined in Main.obj
OBJLoader.obj : error LNK2005: _stbi_is_hdr_from_callbacks already defined in Main.obj
OBJLoader.obj : error LNK2005: _stbi_is_hdr_from_file already defined in Main.obj
OBJLoader.obj : error LNK2005: _stbi_is_hdr_from_memory already defined in Main.obj
OBJLoader.obj : error LNK2005: _stbi_ldr_to_hdr_gamma already defined in Main.obj
OBJLoader.obj : error LNK2005: _stbi_ldr_to_hdr_scale already defined in Main.obj
OBJLoader.obj : error LNK2005: _stbi_load already defined in Main.obj
OBJLoader.obj : error LNK2005: _stbi_load_16 already defined in Main.obj
OBJLoader.obj : error LNK2005: _stbi_load_16_from_callbacks already defined in Main.obj
OBJLoader.obj : error LNK2005: _stbi_load_16_from_memory already defined in Main.obj
OBJLoader.obj : error LNK2005: _stbi_load_from_callbacks already defined in Main.obj
OBJLoader.obj : error LNK2005: _stbi_load_from_file already defined in Main.obj
OBJLoader.obj : error LNK2005: _stbi_load_from_file_16 already defined in Main.obj
OBJLoader.obj : error LNK2005: _stbi_load_from_memory already defined in Main.obj
OBJLoader.obj : error LNK2005: _stbi_load_gif_from_memory already defined in Main.obj
OBJLoader.obj : error LNK2005: _stbi_loadf already defined in Main.obj
OBJLoader.obj : error LNK2005: _stbi_loadf_from_callbacks already defined in Main.obj
OBJLoader.obj : error LNK2005: _stbi_loadf_from_file already defined in Main.obj
OBJLoader.obj : error LNK2005: _stbi_loadf_from_memory already defined in Main.obj
OBJLoader.obj : error LNK2005: _stbi_set_flip_vertically_on_load already defined in Main.obj
OBJLoader.obj : error LNK2005: _stbi_set_flip_vertically_on_load_thread already defined in Main.obj
OBJLoader.obj : error LNK2005: _stbi_set_unpremultiply_on_load already defined in Main.obj
OBJLoader.obj : error LNK2005: _stbi_zlib_decode_buffer already defined in Main.obj
OBJLoader.obj : error LNK2005: _stbi_zlib_decode_malloc already defined in Main.obj
OBJLoader.obj : error LNK2005: _stbi_zlib_decode_malloc_guesssize already defined in Main.obj
OBJLoader.obj : error LNK2005: _stbi_zlib_decode_malloc_guesssize_headerflag already defined in Main.obj
OBJLoader.obj : error LNK2005: _stbi_zlib_decode_noheader_buffer already defined in Main.obj
OBJLoader.obj : error LNK2005: _stbi_zlib_decode_noheader_malloc already defined in Main.obj
LINK : warning LNK4098: defaultlib 'LIBCMT' conflicts with use of other libs; use /NODEFAULTLIB:library
LINK : warning LNK4286: symbol '___glewUseProgram' defined in 'glew32s.lib(glew.obj)' is imported by 'LightBase.obj'
LINK : warning LNK4286: symbol '___glewUseProgram' defined in 'glew32s.lib(glew.obj)' is imported by 'Shader.obj'
LINK : warning LNK4286: symbol '___glewBindBuffer' defined in 'glew32s.lib(glew.obj)' is imported by 'Mesh.obj'
LINK : warning LNK4286: symbol '___glewBufferData' defined in 'glew32s.lib(glew.obj)' is imported by 'Mesh.obj'
LINK : warning LNK4286: symbol '___glewGenBuffers' defined in 'glew32s.lib(glew.obj)' is imported by 'Mesh.obj'
LINK : warning LNK4286: symbol '___glewEnableVertexAttribArray' defined in 'glew32s.lib(glew.obj)' is imported by 'Mesh.obj'
LINK : warning LNK4286: symbol '___glewVertexAttribPointer' defined in 'glew32s.lib(glew.obj)' is imported by 'Mesh.obj'
LINK : warning LNK4286: symbol '___glewBindVertexArray' defined in 'glew32s.lib(glew.obj)' is imported by 'Mesh.obj'
LINK : warning LNK4286: symbol '___glewDeleteVertexArrays' defined in 'glew32s.lib(glew.obj)' is imported by 'Mesh.obj'
LINK : warning LNK4286: symbol '___glewGenVertexArrays' defined in 'glew32s.lib(glew.obj)' is imported by 'Mesh.obj'
LINK : warning LNK4286: symbol '___glewActiveTexture' defined in 'glew32s.lib(glew.obj)' is imported by 'Model.obj'
LINK : warning LNK4286: symbol '___glewGetUniformLocation' defined in 'glew32s.lib(glew.obj)' is imported by 'Model.obj'
LINK : warning LNK4217: symbol '___glewGetUniformLocation' defined in 'glew32s.lib(glew.obj)' is imported by 'Shader.obj' in function '__unwindfunclet$??0Shader@@QAE@V?$basic_string@DU?$char_traits@D@std@@V?$allocator@D@2@@std@@0AAVCamera@@@Z$7'
LINK : warning LNK4286: symbol '___glewUniform1i' defined in 'glew32s.lib(glew.obj)' is imported by 'Model.obj'
LINK : warning LNK4286: symbol '___glewAttachShader' defined in 'glew32s.lib(glew.obj)' is imported by 'Shader.obj'
LINK : warning LNK4286: symbol '___glewCompileShader' defined in 'glew32s.lib(glew.obj)' is imported by 'Shader.obj'
LINK : warning LNK4286: symbol '___glewCreateProgram' defined in 'glew32s.lib(glew.obj)' is imported by 'Shader.obj'
LINK : warning LNK4286: symbol '___glewCreateShader' defined in 'glew32s.lib(glew.obj)' is imported by 'Shader.obj'
LINK : warning LNK4286: symbol '___glewDeleteProgram' defined in 'glew32s.lib(glew.obj)' is imported by 'Shader.obj'
LINK : warning LNK4286: symbol '___glewDeleteShader' defined in 'glew32s.lib(glew.obj)' is imported by 'Shader.obj'
LINK : warning LNK4286: symbol '___glewDetachShader' defined in 'glew32s.lib(glew.obj)' is imported by 'Shader.obj'
LINK : warning LNK4286: symbol '___glewGetProgramInfoLog' defined in 'glew32s.lib(glew.obj)' is imported by 'Shader.obj'
LINK : warning LNK4286: symbol '___glewGetProgramiv' defined in 'glew32s.lib(glew.obj)' is imported by 'Shader.obj'
LINK : warning LNK4286: symbol '___glewGetShaderInfoLog' defined in 'glew32s.lib(glew.obj)' is imported by 'Shader.obj'
LINK : warning LNK4286: symbol '___glewGetShaderiv' defined in 'glew32s.lib(glew.obj)' is imported by 'Shader.obj'
LINK : warning LNK4286: symbol '___glewLinkProgram' defined in 'glew32s.lib(glew.obj)' is imported by 'Shader.obj'
LINK : warning LNK4286: symbol '___glewShaderSource' defined in 'glew32s.lib(glew.obj)' is imported by 'Shader.obj'
LINK : warning LNK4286: symbol '___glewUniform1f' defined in 'glew32s.lib(glew.obj)' is imported by 'Shader.obj'
LINK : warning LNK4286: symbol '___glewUniform3f' defined in 'glew32s.lib(glew.obj)' is imported by 'Shader.obj'
LINK : warning LNK4286: symbol '___glewUniformMatrix4fv' defined in 'glew32s.lib(glew.obj)' is imported by 'Shader.obj'
D:\GitHub Tings\OpenGL\SDL_GL_Assignment2\Debug\SDL_GL_Assignment2.exe : fatal error LNK1169: one or more multiply defined symbols found
